Build started 21.11.2014 17:31:51.
     1>Project "C:\Users\semih.kekul\Google Drive\Akademik\Applied Parallel Programming On GPU\Assgn2\Code GPU\GPU.vcxproj" on node 2 (build target(s)).
     1>InitializeBuildStatus:
         Creating "x64\Debug\GPU.unsuccessfulbuild" because "AlwaysCreate" was specified.
       AddCudaCompileDeps:
       Skipping target "AddCudaCompileDeps" because all output files are up-to-date with respect to the input files.
       AddCudaCompilePropsDeps:
       Skipping target "AddCudaCompilePropsDeps" because all output files are up-to-date with respect to the input files.
       CudaBuild:
       Skipping target "CudaBuild" because all output files are up-to-date with respect to the input files.
       ClCompile:
         C:\Program Files (x86)\Microsoft Visual Studio 10.0\VC\bin\x86_amd64\CL.exe /c /I"C:\Program Files\NVIDIA GPU Computing Toolkit\CUDA\v6.5\include" /Zi /nologo /W3 /WX- /Od /D _MBCS /Gm /EHsc /RTC1 /MDd /GS /fp:precise /Zc:wchar_t /Zc:forScope /Fo"x64\Debug\\" /Fd"x64\Debug\vc100.pdb" /Gd /TP /errorReport:prompt main.cpp
         main.cpp
       Link:
         C:\Program Files (x86)\Microsoft Visual Studio 10.0\VC\bin\x86_amd64\link.exe /ERRORREPORT:PROMPT /OUT:"C:\Users\semih.kekul\Google Drive\Akademik\Applied Parallel Programming On GPU\Assgn2\Code GPU\x64\Debug\GPU.exe" /INCREMENTAL:NO /NOLOGO /LIBPATH:"C:\Program Files\NVIDIA GPU Computing Toolkit\CUDA\v6.5\lib\x64" cudart.lib nppi.lib npps.lib nppc.lib kernel32.lib user32.lib gdi32.lib winspool.lib comdlg32.lib advapi32.lib shell32.lib ole32.lib oleaut32.lib uuid.lib odbc32.lib odbccp32.lib kernel32.lib user32.lib gdi32.lib winspool.lib comdlg32.lib advapi32.lib shell32.lib ole32.lib oleaut32.lib uuid.lib odbc32.lib odbccp32.lib /MANIFEST /ManifestFile:"x64\Debug\GPU.exe.intermediate.manifest" /MANIFESTUAC:"level='asInvoker' uiAccess='false'" /DEBUG /PDB:"C:\Users\semih.kekul\Google Drive\Akademik\Applied Parallel Programming On GPU\Assgn2\Code GPU\x64\Debug\GPU.pdb" /SUBSYSTEM:CONSOLE /TLBID:1 /DYNAMICBASE /NXCOMPAT /IMPLIB:"C:\Users\semih.kekul\Google Drive\Akademik\Applied Parallel Programming On GPU\Assgn2\Code GPU\x64\Debug\GPU.lib" /MACHINE:X64 x64\Debug\cudaFile.cu.obj
         x64\Debug\main.obj
         GPU.vcxproj -> C:\Users\semih.kekul\Google Drive\Akademik\Applied Parallel Programming On GPU\Assgn2\Code GPU\x64\Debug\GPU.exe
       Manifest:
         C:\Program Files (x86)\Microsoft SDKs\Windows\v7.0A\bin\mt.exe /nologo /verbose /outputresource:"C:\Users\semih.kekul\Google Drive\Akademik\Applied Parallel Programming On GPU\Assgn2\Code GPU\x64\Debug\GPU.exe;#1" /manifest x64\Debug\GPU.exe.intermediate.manifest
       PostBuildEvent:
         echo copy "C:\Program Files\NVIDIA GPU Computing Toolkit\CUDA\v6.5\bin\cudart*.dll" "C:\Users\semih.kekul\Google Drive\Akademik\Applied Parallel Programming On GPU\Assgn2\Code GPU\x64\Debug\"
         copy "C:\Program Files\NVIDIA GPU Computing Toolkit\CUDA\v6.5\bin\cudart*.dll" "C:\Users\semih.kekul\Google Drive\Akademik\Applied Parallel Programming On GPU\Assgn2\Code GPU\x64\Debug\"
         :VCEnd
         copy "C:\Program Files\NVIDIA GPU Computing Toolkit\CUDA\v6.5\bin\cudart*.dll" "C:\Users\semih.kekul\Google Drive\Akademik\Applied Parallel Programming On GPU\Assgn2\Code GPU\x64\Debug\"
         C:\Program Files\NVIDIA GPU Computing Toolkit\CUDA\v6.5\bin\cudart32_65.dll
         C:\Program Files\NVIDIA GPU Computing Toolkit\CUDA\v6.5\bin\cudart64_65.dll
                 2 file(s) copied.
       FinalizeBuildStatus:
         Deleting file "x64\Debug\GPU.unsuccessfulbuild".
         Touching "x64\Debug\GPU.lastbuildstate".
     1>Done Building Project "C:\Users\semih.kekul\Google Drive\Akademik\Applied Parallel Programming On GPU\Assgn2\Code GPU\GPU.vcxproj" (build target(s)).

Build succeeded.

Time Elapsed 00:00:00.77
